#
# A fatal error has been detected by the Java Runtime Environment:
#
#  EXCEPTION_UNCAUGHT_CXX_EXCEPTION (0xe06d7363) at pc=0x00007ffb405b4fd9, pid=8520, tid=0x00000000000002e4
#
# JRE version: OpenJDK Runtime Environment (Zulu 8.58.0.13-CA-win64) (8.0_312-b07) (build 1.8.0_312-b07)
# Java VM: OpenJDK 64-Bit Server VM (25.312-b07 mixed mode windows-amd64 compressed oops)
# Problematic frame:
# C  [KERNELBASE.dll+0x34fd9]
#
# Failed to write core dump. Minidumps are not enabled by default on client versions of Windows
#
# If you would like to submit a bug report, please visit:
#   http://www.azul.com/support/
# The crash happened outside the Java Virtual Machine in native code.
# See problematic frame for where to report the bug.
#

---------------  T H R E A D  ---------------

Current thread (0x00000218defa4800):  JavaThread "main" [_thread_in_native, id=740, stack(0x0000001d05400000,0x0000001d055f0000)]

siginfo: ExceptionCode=0xe06d7363, ExceptionInformation=0x0000000019930520 0x0000001d055edff0 0x00007ffb112d5cd8 0x00007ffb11270000 

Registers:
RAX=0x0000000000000000, RBX=0x00007ffb112d5cd8, RCX=0x0000000000000000, RDX=0x0000000000000000
RSP=0x0000001d055edd90, RBP=0x0000001d055edfd0, RSI=0x0000001d055edff0, RDI=0x0000000019930520
R8 =0x0000000000000000, R9 =0x0000000000000000, R10=0x0000000000000000, R11=0x0000000000000000
R12=0x00000218e2866b40, R13=0x0000001d055ee0c0, R14=0x00000218fd3cb0c0, R15=0x000002189136bf80
RIP=0x00007ffb405b4fd9, EFLAGS=0x0000000000000206

Top of Stack: (sp=0x0000001d055edd90)
0x0000001d055edd90:   0000000000000001 00007ffb112d5cd8
0x0000001d055edda0:   0000001d055edff0 0000001d055edfd0
0x0000001d055eddb0:   00000001e06d7363 0000000000000000
0x0000001d055eddc0:   00007ffb405b4fd9 0000000000000004
0x0000001d055eddd0:   0000000019930520 0000001d055edff0
0x0000001d055edde0:   00007ffb112d5cd8 00007ffb11270000
0x0000001d055eddf0:   0000001d055ee0c0 00000218e2866b40
0x0000001d055ede00:   0000001d055edff0 0000001d055edfd0
0x0000001d055ede10:   0000001d055ede90 00007ffb42824a5f
0x0000001d055ede20:   0000000019930520 0000021800000000
0x0000001d055ede30:   0000000000000000 00007ffb1128ba9a
0x0000001d055ede40:   00007ffb112dd000 00007ffb11270000
0x0000001d055ede50:   000041737f26bbfd 0000000000000000
0x0000001d055ede60:   00007ffb112d5cd8 00007ffb39fa6480
0x0000001d055ede70:   0000000000000000 00000218de18e130
0x0000001d055ede80:   0000001d055edff0 00007ffb11288290 

Instructions: (pc=0x00007ffb405b4fd9)
0x00007ffb405b4fb9:   8b d1 44 0f 47 c0 44 89 44 24 38 49 c1 e0 03 e8
0x00007ffb405b4fc9:   0a 1e 06 00 48 8d 4c 24 20 48 ff 15 27 e6 18 00
0x00007ffb405b4fd9:   0f 1f 44 00 00 48 8b 8c 24 c0 00 00 00 48 33 cc
0x00007ffb405b4fe9:   e8 52 96 05 00 48 81 c4 d8 00 00 00 c3 cc 83 64 


Register to memory mapping:

RAX=0x0000000000000000 is an unknown value
RBX=0x00007ffb112d5cd8 is an unknown value
RCX=0x0000000000000000 is an unknown value
RDX=0x0000000000000000 is an unknown value
RSP=0x0000001d055edd90 is pointing into the stack for thread: 0x00000218defa4800
RBP=0x0000001d055edfd0 is pointing into the stack for thread: 0x00000218defa4800
RSI=0x0000001d055edff0 is pointing into the stack for thread: 0x00000218defa4800
RDI=0x0000000019930520 is an unknown value
R8 =0x0000000000000000 is an unknown value
R9 =0x0000000000000000 is an unknown value
R10=0x0000000000000000 is an unknown value
R11=0x0000000000000000 is an unknown value
R12=0x00000218e2866b40 is an unknown value
R13=0x0000001d055ee0c0 is pointing into the stack for thread: 0x00000218defa4800
R14=0x00000218fd3cb0c0 is an unknown value
R15=0x000002189136bf80 is an unknown value


Stack: [0x0000001d05400000,0x0000001d055f0000],  sp=0x0000001d055edd90,  free space=1975k
Native frames: (J=compiled Java code, j=interpreted, Vv=VM code, C=native code)
C  [KERNELBASE.dll+0x34fd9]
C  [VCRUNTIME140.dll+0x6480]
C  0x00007ffb112abe14
C  0x00007ffb1129ae2b
C  0x00000218e830fd58

Java frames: (J=compiled Java code, j=interpreted, Vv=VM code)
J 5064  org.jpype.manager.TypeFactoryNative.newWrapper(JJ)V (0 bytes) @ 0x00000218e830fcbb [0x00000218e830fc80+0x3b]
J 5063 C1 org.jpype.JPypeContext.newWrapper(J)V (34 bytes) @ 0x00000218e8218164 [0x00000218e8217fc0+0x1a4]
v  ~StubRoutines::call_stub

---------------  P R O C E S S  ---------------

Java Threads: ( => current thread )
  0x0000021890ab6800 JavaThread "Thread-0" [_thread_in_native, id=21316, stack(0x0000001d0af10000,0x0000001d0b100000)]
  0x0000021890abd800 JavaThread "Thread-1" daemon [_thread_in_native, id=16056, stack(0x0000001d0ad20000,0x0000001d0af10000)]
  0x0000021890aba000 JavaThread "SIGINT handler" daemon [_thread_blocked, id=18784, stack(0x0000001d06380000,0x0000001d06570000)]
  0x0000021890ab9000 JavaThread "Thread-7" daemon [_thread_in_native, id=21348, stack(0x0000001d055f0000,0x0000001d057e0000)]
  0x0000021890ab5000 JavaThread "Thread-6" daemon [_thread_in_native, id=6476, stack(0x0000001d055f0000,0x0000001d057e0000)]
  0x0000021890ab6000 JavaThread "Thread-5" daemon [_thread_in_native, id=2124, stack(0x0000001d095e0000,0x0000001d097d0000)]
  0x0000021890962000 JavaThread "Java2D Disposer" daemon [_thread_blocked, id=16344, stack(0x0000001d08e20000,0x0000001d09010000)]
  0x00000218e5034000 JavaThread "Service Thread" daemon [_thread_blocked, id=3192, stack(0x0000001d08660000,0x0000001d08850000)]
  0x00000218e4f93000 JavaThread "C1 CompilerThread3" daemon [_thread_blocked, id=3368, stack(0x0000001d08470000,0x0000001d08660000)]
  0x00000218e4f8f800 JavaThread "C2 CompilerThread2" daemon [_thread_blocked, id=12996, stack(0x0000001d08280000,0x0000001d08470000)]
  0x00000218e4f8e800 JavaThread "C2 CompilerThread1" daemon [_thread_blocked, id=7312, stack(0x0000001d08090000,0x0000001d08280000)]
  0x00000218e4f7c000 JavaThread "C2 CompilerThread0" daemon [_thread_blocked, id=12016, stack(0x0000001d07ea0000,0x0000001d08090000)]
  0x00000218e4f67000 JavaThread "Attach Listener" daemon [_thread_blocked, id=4100, stack(0x0000001d07cb0000,0x0000001d07ea0000)]
  0x00000218db189800 JavaThread "Signal Dispatcher" daemon [_thread_blocked, id=4436, stack(0x0000001d07ac0000,0x0000001d07cb0000)]
  0x00000218e4f38800 JavaThread "Finalizer" daemon [_thread_blocked, id=20928, stack(0x0000001d078d0000,0x0000001d07ac0000)]
  0x00000218e4c0d800 JavaThread "Reference Handler" daemon [_thread_blocked, id=12344, stack(0x0000001d076e0000,0x0000001d078d0000)]
=>0x00000218defa4800 JavaThread "main" [_thread_in_native, id=740, stack(0x0000001d05400000,0x0000001d055f0000)]

Other Threads:
  0x00000218e4c0c800 VMThread [stack: 0x0000001d074f0000,0x0000001d076e0000] [id=2196]
  0x00000218e503e000 WatcherThread [stack: 0x0000001d08850000,0x0000001d08a40000] [id=20956]

VM state:not at safepoint (normal execution)

VM Mutex/Monitor currently owned by a thread: None

heap address: 0x00000005c2c00000, size: 8148 MB, Compressed Oops mode: Zero based, Oop shift amount: 3
Narrow klass base: 0x0000000000000000, Narrow klass shift: 3
Compressed class space size: 1073741824 Address: 0x00000007c0000000

Heap:
 PSYoungGen      total 1564672K, used 45523K [0x0000000716400000, 0x00000007ae500000, 0x00000007c0000000)
  eden space 637952K, 7% used [0x0000000716400000,0x0000000719074d30,0x000000073d300000)
  from space 926720K, 0% used [0x0000000775c00000,0x0000000775c00000,0x00000007ae500000)
  to   space 926720K, 0% used [0x000000073d300000,0x000000073d300000,0x0000000775c00000)
 ParOldGen       total 2515456K, used 2129024K [0x00000005c2c00000, 0x000000065c480000, 0x0000000716400000)
  object space 2515456K, 84% used [0x00000005c2c00000,0x0000000644b20168,0x000000065c480000)
 Metaspace       used 51775K, capacity 52958K, committed 53068K, reserved 1095680K
  class space    used 6956K, capacity 7425K, committed 7500K, reserved 1048576K

Card table byte_map: [0x00000218e69e0000,0x00000218e79d0000] byte_map_base: 0x00000218e3bca000

Marking Bits: (ParMarkBitMap*) 0x000000005fe5b510
 Begin Bits: [0x0000021880000000, 0x0000021887f50000)
 End Bits:   [0x0000021887f50000, 0x000002188fea0000)

Polling page: 0x00000218e65f0000

CodeCache: size=245760Kb used=14995Kb max_used=15894Kb free=230764Kb
 bounds [0x00000218e7b00000, 0x00000218e8aa0000, 0x00000218f6b00000]
 total_blobs=5128 nmethods=4430 adapters=607
 compilation: enabled

Compilation events (10 events):
Event: 118.738 Thread 0x00000218e4f93000 nmethod 5377 0x00000218e7f2f750 code [0x00000218e7f2f900, 0x00000218e7f2fea0]
Event: 118.739 Thread 0x00000218e4f93000 5378       3       org.bushe.swing.event.Logger::isLoggable (168 bytes)
Event: 118.739 Thread 0x00000218e4f93000 nmethod 5378 0x00000218e82e1710 code [0x00000218e82e1a60, 0x00000218e82e3840]
Event: 118.740 Thread 0x00000218e4f8f800 nmethod 5376 0x00000218e7e86990 code [0x00000218e7e86ae0, 0x00000218e7e87018]
Event: 119.062 Thread 0x00000218e4f93000 5379       3       java.util.logging.LogManager::access$100 (4 bytes)
Event: 119.062 Thread 0x00000218e4f93000 nmethod 5379 0x00000218e7c257d0 code [0x00000218e7c25920, 0x00000218e7c25a58]
Event: 119.063 Thread 0x00000218e4f93000 5380       3       java.util.logging.LogManager$LoggerContext::requiresDefaultLoggers (29 bytes)
Event: 119.063 Thread 0x00000218e4f93000 nmethod 5380 0x00000218e7cb8110 code [0x00000218e7cb8280, 0x00000218e7cb86d0]
Event: 119.063 Thread 0x00000218e4f93000 5381       3       java.util.logging.LogManager$LoggerContext::ensureDefaultLogger (70 bytes)
Event: 119.063 Thread 0x00000218e4f93000 nmethod 5381 0x00000218e7e2a090 code [0x00000218e7e2a240, 0x00000218e7e2aaf0]

GC Heap History (10 events):
Event: 12.277 GC heap before
{Heap before GC invocations=61 (full 27):
 PSYoungGen      total 1564672K, used 40515K [0x0000000716400000, 0x00000007ae500000, 0x00000007c0000000)
  eden space 637952K, 0% used [0x0000000716400000,0x0000000716400000,0x000000073d300000)
  from space 926720K, 4% used [0x0000000775c00000,0x0000000778390d18,0x00000007ae500000)
  to   space 926720K, 0% used [0x000000073d300000,0x000000073d300000,0x0000000775c00000)
 ParOldGen       total 2515456K, used 2135235K [0x00000005c2c00000, 0x000000065c480000, 0x0000000716400000)
  object space 2515456K, 84% used [0x00000005c2c00000,0x0000000645130c30,0x000000065c480000)
 Metaspace       used 51090K, capacity 52290K, committed 52428K, reserved 1093632K
  class space    used 6906K, capacity 7365K, committed 7372K, reserved 1048576K
Event: 12.508 GC heap after
Heap after GC invocations=61 (full 27):
 PSYoungGen      total 1564672K, used 0K [0x0000000716400000, 0x00000007ae500000, 0x00000007c0000000)
  eden space 637952K, 0% used [0x0000000716400000,0x0000000716400000,0x000000073d300000)
  from space 926720K, 0% used [0x0000000775c00000,0x0000000775c00000,0x00000007ae500000)
  to   space 926720K, 0% used [0x000000073d300000,0x000000073d300000,0x0000000775c00000)
 ParOldGen       total 2515456K, used 2130018K [0x00000005c2c00000, 0x000000065c480000, 0x0000000716400000)
  object space 2515456K, 84% used [0x00000005c2c00000,0x0000000644c18998,0x000000065c480000)
 Metaspace       used 51050K, capacity 52192K, committed 52428K, reserved 1093632K
  class space    used 6892K, capacity 7340K, committed 7372K, reserved 1048576K
}
Event: 45.605 GC heap before
{Heap before GC invocations=62 (full 27):
 PSYoungGen      total 1564672K, used 15383K [0x0000000716400000, 0x00000007ae500000, 0x00000007c0000000)
  eden space 637952K, 2% used [0x0000000716400000,0x0000000717305f68,0x000000073d300000)
  from space 926720K, 0% used [0x0000000775c00000,0x0000000775c00000,0x00000007ae500000)
  to   space 926720K, 0% used [0x000000073d300000,0x000000073d300000,0x0000000775c00000)
 ParOldGen       total 2515456K, used 2130018K [0x00000005c2c00000, 0x000000065c480000, 0x0000000716400000)
  object space 2515456K, 84% used [0x00000005c2c00000,0x0000000644c18998,0x000000065c480000)
 Metaspace       used 51185K, capacity 52318K, committed 52428K, reserved 1093632K
  class space    used 6903K, capacity 7361K, committed 7372K, reserved 1048576K
Event: 45.609 GC heap after
Heap after GC invocations=62 (full 27):
 PSYoungGen      total 1564672K, used 288K [0x0000000716400000, 0x00000007ae500000, 0x00000007c0000000)
  eden space 637952K, 0% used [0x0000000716400000,0x0000000716400000,0x000000073d300000)
  from space 926720K, 0% used [0x000000073d300000,0x000000073d348000,0x0000000775c00000)
  to   space 926720K, 0% used [0x0000000775c00000,0x0000000775c00000,0x00000007ae500000)
 ParOldGen       total 2515456K, used 2130026K [0x00000005c2c00000, 0x000000065c480000, 0x0000000716400000)
  object space 2515456K, 84% used [0x00000005c2c00000,0x0000000644c1a998,0x000000065c480000)
 Metaspace       used 51185K, capacity 52318K, committed 52428K, reserved 1093632K
  class space    used 6903K, capacity 7361K, committed 7372K, reserved 1048576K
}
Event: 45.609 GC heap before
{Heap before GC invocations=63 (full 28):
 PSYoungGen      total 1564672K, used 288K [0x0000000716400000, 0x00000007ae500000, 0x00000007c0000000)
  eden space 637952K, 0% used [0x0000000716400000,0x0000000716400000,0x000000073d300000)
  from space 926720K, 0% used [0x000000073d300000,0x000000073d348000,0x0000000775c00000)
  to   space 926720K, 0% used [0x0000000775c00000,0x0000000775c00000,0x00000007ae500000)
 ParOldGen       total 2515456K, used 2130026K [0x00000005c2c00000, 0x000000065c480000, 0x0000000716400000)
  object space 2515456K, 84% used [0x00000005c2c00000,0x0000000644c1a998,0x000000065c480000)
 Metaspace       used 51185K, capacity 52318K, committed 52428K, reserved 1093632K
  class space    used 6903K, capacity 7361K, committed 7372K, reserved 1048576K
Event: 45.961 GC heap after
Heap after GC invocations=63 (full 28):
 PSYoungGen      total 1564672K, used 0K [0x0000000716400000, 0x00000007ae500000, 0x00000007c0000000)
  eden space 637952K, 0% used [0x0000000716400000,0x0000000716400000,0x000000073d300000)
  from space 926720K, 0% used [0x000000073d300000,0x000000073d300000,0x0000000775c00000)
  to   space 926720K, 0% used [0x0000000775c00000,0x0000000775c00000,0x00000007ae500000)
 ParOldGen       total 2515456K, used 2128859K [0x00000005c2c00000, 0x000000065c480000, 0x0000000716400000)
  object space 2515456K, 84% used [0x00000005c2c00000,0x0000000644af6f00,0x000000065c480000)
 Metaspace       used 51185K, capacity 52318K, committed 52428K, reserved 1093632K
  class space    used 6903K, capacity 7361K, committed 7372K, reserved 1048576K
}
Event: 118.744 GC heap before
{Heap before GC invocations=64 (full 28):
 PSYoungGen      total 1564672K, used 20175K [0x0000000716400000, 0x00000007ae500000, 0x00000007c0000000)
  eden space 637952K, 3% used [0x0000000716400000,0x00000007177b3ca0,0x000000073d300000)
  from space 926720K, 0% used [0x000000073d300000,0x000000073d300000,0x0000000775c00000)
  to   space 926720K, 0% used [0x0000000775c00000,0x0000000775c00000,0x00000007ae500000)
 ParOldGen       total 2515456K, used 2128859K [0x00000005c2c00000, 0x000000065c480000, 0x0000000716400000)
  object space 2515456K, 84% used [0x00000005c2c00000,0x0000000644af6f00,0x000000065c480000)
 Metaspace       used 51757K, capacity 52958K, committed 53068K, reserved 1095680K
  class space    used 6953K, capacity 7425K, committed 7500K, reserved 1048576K
Event: 118.747 GC heap after
Heap after GC invocations=64 (full 28):
 PSYoungGen      total 1564672K, used 635K [0x0000000716400000, 0x00000007ae500000, 0x00000007c0000000)
  eden space 637952K, 0% used [0x0000000716400000,0x0000000716400000,0x000000073d300000)
  from space 926720K, 0% used [0x0000000775c00000,0x0000000775c9ec18,0x00000007ae500000)
  to   space 926720K, 0% used [0x000000073d300000,0x000000073d300000,0x0000000775c00000)
 ParOldGen       total 2515456K, used 2128859K [0x00000005c2c00000, 0x000000065c480000, 0x0000000716400000)
  object space 2515456K, 84% used [0x00000005c2c00000,0x0000000644af6f00,0x000000065c480000)
 Metaspace       used 51757K, capacity 52958K, committed 53068K, reserved 1095680K
  class space    used 6953K, capacity 7425K, committed 7500K, reserved 1048576K
}
Event: 118.747 GC heap before
{Heap before GC invocations=65 (full 29):
 PSYoungGen      total 1564672K, used 635K [0x0000000716400000, 0x00000007ae500000, 0x00000007c0000000)
  eden space 637952K, 0% used [0x0000000716400000,0x0000000716400000,0x000000073d300000)
  from space 926720K, 0% used [0x0000000775c00000,0x0000000775c9ec18,0x00000007ae500000)
  to   space 926720K, 0% used [0x000000073d300000,0x000000073d300000,0x0000000775c00000)
 ParOldGen       total 2515456K, used 2128859K [0x00000005c2c00000, 0x000000065c480000, 0x0000000716400000)
  object space 2515456K, 84% used [0x00000005c2c00000,0x0000000644af6f00,0x000000065c480000)
 Metaspace       used 51757K, capacity 52958K, committed 53068K, reserved 1095680K
  class space    used 6953K, capacity 7425K, committed 7500K, reserved 1048576K
Event: 119.039 GC heap after
Heap after GC invocations=65 (full 29):
 PSYoungGen      total 1564672K, used 0K [0x0000000716400000, 0x00000007ae500000, 0x00000007c0000000)
  eden space 637952K, 0% used [0x0000000716400000,0x0000000716400000,0x000000073d300000)
  from space 926720K, 0% used [0x0000000775c00000,0x0000000775c00000,0x00000007ae500000)
  to   space 926720K, 0% used [0x000000073d300000,0x000000073d300000,0x0000000775c00000)
 ParOldGen       total 2515456K, used 2129024K [0x00000005c2c00000, 0x000000065c480000, 0x0000000716400000)
  object space 2515456K, 84% used [0x00000005c2c00000,0x0000000644b20168,0x000000065c480000)
 Metaspace       used 51757K, capacity 52958K, committed 53068K, reserved 1095680K
  class space    used 6953K, capacity 7425K, committed 7500K, reserved 1048576K
}

Deoptimization events (10 events):
Event: 12.568 Thread 0x00000218defa4800 Uncommon trap: reason=unstable_if action=reinterpret pc=0x00000218e89ccd98 method=org.scijava.io.handle.FileHandle.reader()Ljava/io/RandomAccessFile; @ 4
Event: 12.569 Thread 0x00000218defa4800 Uncommon trap: reason=unstable_if action=reinterpret pc=0x00000218e82685c8 method=org.scijava.io.handle.FileHandle.reader()Ljava/io/RandomAccessFile; @ 4
Event: 12.574 Thread 0x00000218defa4800 Uncommon trap: reason=unstable_if action=reinterpret pc=0x00000218e880da20 method=java.net.URI.match(CJJ)Z @ 45
Event: 12.576 Thread 0x00000218defa4800 Uncommon trap: reason=class_check action=maybe_recompile pc=0x00000218e89ca180 method=org.scijava.io.handle.DataHandle.isLittleEndian()Z @ 1
Event: 12.590 Thread 0x00000218defa4800 Uncommon trap: reason=class_check action=maybe_recompile pc=0x00000218e89ca180 method=org.scijava.io.handle.DataHandle.isLittleEndian()Z @ 1
Event: 12.602 Thread 0x00000218defa4800 Uncommon trap: reason=class_check action=maybe_recompile pc=0x00000218e89ca180 method=org.scijava.io.handle.DataHandle.isLittleEndian()Z @ 1
Event: 12.786 Thread 0x00000218defa4800 Uncommon trap: reason=unstable_if action=reinterpret pc=0x00000218e85418e4 method=org.scijava.util.Types.raw(Ljava/lang/reflect/Type;)Ljava/lang/Class; @ 1
Event: 118.731 Thread 0x00000218defa4800 Uncommon trap: reason=unstable_if action=reinterpret pc=0x00000218e8317188 method=java.util.ArrayList.remove(I)Ljava/lang/Object; @ 31
Event: 118.736 Thread 0x00000218defa4800 Uncommon trap: reason=unstable_if action=reinterpret pc=0x00000218e84b337c method=java.util.HashMap$HashIterator.<init>(Ljava/util/HashMap;)V @ 45
Event: 119.039 Thread 0x00000218e4f38800 Uncommon trap: reason=unstable_if action=reinterpret pc=0x00000218e8493a90 method=java.util.HashMap$HashIterator.<init>(Ljava/util/HashMap;)V @ 45

Classes redefined (0 events):
No events

Internal exceptions (10 events):
Event: 3.377 Thread 0x00000218fb4ba000 Exception <a 'java/lang/IncompatibleClassChangeError': Found class java.lang.Object, but interface was expected> (0x00000007240ae190) thrown at [C:\jenkins\workspace\zulu8-build-win64\zulu-src\hotspot\src\share\vm\interpreter\linkResolver.cpp, line 653]
Event: 3.413 Thread 0x00000218fb4ba000 Exception <a 'java/security/PrivilegedActionException'> (0x00000007251dad60) thrown at [C:\jenkins\workspace\zulu8-build-win64\zulu-src\hotspot\src\share\vm\prims\jvm.cpp, line 1529]
Event: 3.413 Thread 0x00000218fb4ba000 Exception <a 'java/security/PrivilegedActionException'> (0x00000007251db340) thrown at [C:\jenkins\workspace\zulu8-build-win64\zulu-src\hotspot\src\share\vm\prims\jvm.cpp, line 1529]
Event: 3.639 Thread 0x00000218defa4800 Exception <a 'java/lang/NoClassDefFoundError': jupyter/Displayer> (0x00000007170a3070) thrown at [C:\jenkins\workspace\zulu8-build-win64\zulu-src\hotspot\src\share\vm\classfile\systemDictionary.cpp, line 209]
Event: 3.673 Thread 0x00000218defa4800 Implicit null exception at 0x00000218e7f78a31 to 0x00000218e7f78db9
Event: 3.769 Thread 0x00000218defa4800 Exception <a 'java/io/FileNotFoundException'> (0x00000007188778a8) thrown at [C:\jenkins\workspace\zulu8-build-win64\zulu-src\hotspot\src\share\vm\prims\jni.cpp, line 711]
Event: 3.770 Thread 0x00000218defa4800 Exception <a 'java/lang/NullPointerException'> (0x0000000718880360) thrown at [C:\jenkins\workspace\zulu8-build-win64\zulu-src\hotspot\src\share\vm\interpreter\linkResolver.cpp, line 1185]
Event: 3.779 Thread 0x00000218defa4800 Exception <a 'java/io/FileNotFoundException'> (0x0000000719d34b18) thrown at [C:\jenkins\workspace\zulu8-build-win64\zulu-src\hotspot\src\share\vm\prims\jni.cpp, line 711]
Event: 12.786 Thread 0x00000218defa4800 Implicit null exception at 0x00000218e85417cc to 0x00000218e85418d6
Event: 119.070 Thread 0x0000021890ab4800 Exception <a 'java/lang/InterruptedException'> (0x0000000718b78e80) thrown at [C:\jenkins\workspace\zulu8-build-win64\zulu-src\hotspot\src\share\vm\runtime\objectMonitor.cpp, line 1692]

Events (10 events):
Event: 119.070 Executing VM operation: ThreadDump
Event: 119.070 Executing VM operation: ThreadDump done
Event: 119.070 Executing VM operation: RevokeBias
Event: 119.070 Executing VM operation: RevokeBias done
Event: 119.070 Executing VM operation: RevokeBias
Event: 119.070 Executing VM operation: RevokeBias done
Event: 119.070 Thread 0x0000021890ab4800 Thread exited: 0x0000021890ab4800
Event: 119.070 Thread 0x0000021890ab8000 Thread exited: 0x0000021890ab8000
Event: 119.071 Thread 0x00000218fb4bd000 Thread exited: 0x00000218fb4bd000
Event: 119.079 Thread 0x00000218fb5f4000 Thread exited: 0x00000218fb5f4000


Dynamic libraries:
0x00007ff61d930000 - 0x00007ff61d94c000 	C:\Users\wyari\.conda\envs\caiman\python.exe
0x00007ffb427f0000 - 0x00007ffb429e8000 	C:\Windows\SYSTEM32\ntdll.dll
0x00007ffb418c0000 - 0x00007ffb4197d000 	C:\Windows\System32\KERNEL32.DLL
0x00007ffb40580000 - 0x00007ffb4084e000 	C:\Windows\System32\KERNELBASE.dll
0x00007ffb40160000 - 0x00007ffb40260000 	C:\Windows\System32\ucrtbase.dll
0x00007ffb39fa0000 - 0x00007ffb39fbb000 	C:\Users\wyari\.conda\envs\caiman\VCRUNTIME140.dll
0x00007ffae1440000 - 0x00007ffae1997000 	C:\Users\wyari\.conda\envs\caiman\python39.dll
0x00007ffb40f40000 - 0x00007ffb40fab000 	C:\Windows\System32\WS2_32.dll
0x00007ffb41ce0000 - 0x00007ffb41e05000 	C:\Windows\System32\RPCRT4.dll
0x00007ffb41510000 - 0x00007ffb415be000 	C:\Windows\System32\ADVAPI32.dll
0x00007ffb38f60000 - 0x00007ffb38f6a000 	C:\Windows\SYSTEM32\VERSION.dll
0x00007ffb40e10000 - 0x00007ffb40eae000 	C:\Windows\System32\msvcrt.dll
0x00007ffb41700000 - 0x00007ffb4179c000 	C:\Windows\System32\sechost.dll
0x00007ffb39f80000 - 0x00007ffb39f99000 	C:\Users\wyari\.conda\envs\caiman\zlib.dll
0x00007ffb3f810000 - 0x00007ffb3f828000 	C:\Windows\SYSTEM32\CRYPTSP.dll
0x00007ffb3ef40000 - 0x00007ffb3ef74000 	C:\Windows\system32\rsaenh.dll
0x00007ffb40130000 - 0x00007ffb40157000 	C:\Windows\System32\bcrypt.dll
0x00007ffb3f830000 - 0x00007ffb3f83c000 	C:\Windows\SYSTEM32\CRYPTBASE.dll
0x00007ffb40260000 - 0x00007ffb402e2000 	C:\Windows\System32\bcryptPrimitives.dll
0x00007ffb3a680000 - 0x00007ffb3a68f000 	C:\Users\wyari\.conda\envs\caiman\python3.DLL
0x00007ffb2e490000 - 0x00007ffb2e49b000 	C:\Users\wyari\.conda\envs\caiman\DLLs\_bz2.pyd
0x00007ffb2e450000 - 0x00007ffb2e482000 	C:\Users\wyari\.conda\envs\caiman\Library\bin\LIBBZ2.dll
0x00007ffb2e440000 - 0x00007ffb2e44e000 	C:\Users\wyari\.conda\envs\caiman\DLLs\_lzma.pyd
0x00007ffb25600000 - 0x00007ffb2562a000 	C:\Users\wyari\.conda\envs\caiman\Library\bin\liblzma.dll
0x00007ffb02a30000 - 0x00007ffb02d37000 	C:\Users\wyari\.conda\envs\caiman\lib\site-packages\numpy\core\_multiarray_umath.cp39-win_amd64.pyd
0x00007ffaff5f0000 - 0x00007ffb00cc8000 	C:\Users\wyari\.conda\envs\caiman\Library\bin\libcblas.dll
0x00007ffb33f50000 - 0x00007ffb33f72000 	C:\Users\wyari\.conda\envs\caiman\lib\site-packages\numpy\core\_multiarray_tests.cp39-win_amd64.pyd
0x00007ffb2e2d0000 - 0x00007ffb2e2e7000 	C:\Users\wyari\.conda\envs\caiman\DLLs\_socket.pyd
0x00007ffb3f2b0000 - 0x00007ffb3f2eb000 	C:\Windows\SYSTEM32\IPHLPAPI.DLL
0x00007ffb285a0000 - 0x00007ffb285aa000 	C:\Users\wyari\.conda\envs\caiman\DLLs\select.pyd
0x00007ffb0c900000 - 0x00007ffb0c925000 	C:\Users\wyari\.conda\envs\caiman\DLLs\_ctypes.pyd
0x00007ffb41180000 - 0x00007ffb412aa000 	C:\Windows\System32\ole32.dll
0x00007ffb41980000 - 0x00007ffb41cd4000 	C:\Windows\System32\combase.dll
0x00007ffb25800000 - 0x00007ffb2580c000 	C:\Users\wyari\.conda\envs\caiman\Library\bin\ffi-8.dll
0x00007ffb415c0000 - 0x00007ffb415ea000 	C:\Windows\System32\GDI32.dll
0x00007ffb404a0000 - 0x00007ffb404c2000 	C:\Windows\System32\win32u.dll
0x00007ffb40390000 - 0x00007ffb4049b000 	C:\Windows\System32\gdi32full.dll
0x00007ffb402f0000 - 0x00007ffb4038d000 	C:\Windows\System32\msvcp_win.dll
0x00007ffb41ec0000 - 0x00007ffb42060000 	C:\Windows\System32\USER32.dll
0x00007ffb410b0000 - 0x00007ffb4117d000 	C:\Windows\System32\OLEAUT32.dll
0x00007ffb41470000 - 0x00007ffb414a0000 	C:\Windows\System32\IMM32.DLL
0x00007ffb2e410000 - 0x00007ffb2e43f000 	C:\Users\wyari\.conda\envs\caiman\lib\site-packages\numpy\linalg\_umath_linalg.cp39-win_amd64.pyd
0x00007ffae5050000 - 0x00007ffae6728000 	C:\Users\wyari\.conda\envs\caiman\Library\bin\liblapack.dll
0x00007ffae3970000 - 0x00007ffae5048000 	C:\Users\wyari\.conda\envs\caiman\Library\bin\libblas.dll
0x00007ffb3b690000 - 0x00007ffb3b6b0000 	C:\Users\wyari\.conda\envs\caiman\lib\site-packages\numpy\fft\_pocketfft_internal.cp39-win_amd64.pyd
0x00007ffb256c0000 - 0x00007ffb25754000 	C:\Users\wyari\.conda\envs\caiman\lib\site-packages\numpy\random\mtrand.cp39-win_amd64.pyd
0x00007ffb2e3e0000 - 0x00007ffb2e409000 	C:\Users\wyari\.conda\envs\caiman\lib\site-packages\numpy\random\bit_generator.cp39-win_amd64.pyd
0x00007ffb2e340000 - 0x00007ffb2e372000 	C:\Users\wyari\.conda\envs\caiman\lib\site-packages\numpy\random\_common.cp39-win_amd64.pyd
0x00007ffb2e3a0000 - 0x00007ffb2e3b2000 	C:\Users\wyari\.conda\envs\caiman\DLLs\_hashlib.pyd
0x00007ffae1f40000 - 0x00007ffae228b000 	C:\Users\wyari\.conda\envs\caiman\Library\bin\libcrypto-1_1-x64.dll
0x00007ffb2e2f0000 - 0x00007ffb2e332000 	C:\Users\wyari\.conda\envs\caiman\lib\site-packages\numpy\random\_bounded_integers.cp39-win_amd64.pyd
0x00007ffb3a320000 - 0x00007ffb3a338000 	C:\Users\wyari\.conda\envs\caiman\lib\site-packages\numpy\random\_mt19937.cp39-win_amd64.pyd
0x00007ffb3a040000 - 0x00007ffb3a057000 	C:\Users\wyari\.conda\envs\caiman\lib\site-packages\numpy\random\_philox.cp39-win_amd64.pyd
0x00007ffb37010000 - 0x00007ffb37029000 	C:\Users\wyari\.conda\envs\caiman\lib\site-packages\numpy\random\_pcg64.cp39-win_amd64.pyd
0x00007ffb33f30000 - 0x00007ffb33f42000 	C:\Users\wyari\.conda\envs\caiman\lib\site-packages\numpy\random\_sfc64.cp39-win_amd64.pyd
0x00007ffb24370000 - 0x00007ffb2441f000 	C:\Users\wyari\.conda\envs\caiman\lib\site-packages\numpy\random\_generator.cp39-win_amd64.pyd
0x00007ffad00a0000 - 0x00007ffad34f7000 	C:\Users\wyari\.conda\envs\caiman\Library\bin\mkl_intel_thread.2.dll
0x00007ffab2a40000 - 0x00007ffab74f9000 	C:\Users\wyari\.conda\envs\caiman\Library\bin\mkl_core.2.dll
0x00007ffab9620000 - 0x00007ffabbf95000 	C:\Users\wyari\.conda\envs\caiman\Library\bin\mkl_avx2.2.dll
0x00007ffafe710000 - 0x00007ffaff5eb000 	C:\Users\wyari\.conda\envs\caiman\Library\bin\mkl_vml_avx2.2.dll
0x00007ffb3b710000 - 0x00007ffb3b719000 	C:\Users\wyari\.conda\envs\caiman\lib\site-packages\matplotlib\_c_internal_utils.cp39-win_amd64.pyd
0x00007ffb42060000 - 0x00007ffb427a4000 	C:\Windows\System32\SHELL32.dll
0x00007ffb097b0000 - 0x00007ffb097e7000 	C:\Users\wyari\.conda\envs\caiman\DLLs\pyexpat.pyd
0x00007ffafdc20000 - 0x00007ffafdc5c000 	C:\Users\wyari\.conda\envs\caiman\DLLs\_elementtree.pyd
0x00007ffb242c0000 - 0x00007ffb24362000 	C:\Users\wyari\.conda\envs\caiman\lib\site-packages\PIL\_imaging.cp39-win_amd64.pyd
0x00007ffb27380000 - 0x00007ffb273d1000 	C:\Users\wyari\.conda\envs\caiman\Library\bin\openjp2.dll
0x00007ffb098d0000 - 0x00007ffb0997f000 	C:\Users\wyari\.conda\envs\caiman\Library\bin\tiff.dll
0x00007ffb2e3c0000 - 0x00007ffb2e3d4000 	C:\Users\wyari\.conda\envs\caiman\Library\bin\libdeflate.dll
0x00007ffb2e290000 - 0x00007ffb2e2a3000 	C:\Users\wyari\.conda\envs\caiman\Library\bin\jbig.dll
0x00007ffb25650000 - 0x00007ffb256b3000 	C:\Users\wyari\.conda\envs\caiman\Library\bin\Lerc.dll
0x00007ffb09490000 - 0x00007ffb09512000 	C:\Users\wyari\.conda\envs\caiman\Library\bin\zstd.dll
0x00007ffae9340000 - 0x00007ffae93cd000 	C:\Users\wyari\.conda\envs\caiman\MSVCP140.dll
0x00007ffb13310000 - 0x00007ffb1331c000 	C:\Users\wyari\.conda\envs\caiman\VCRUNTIME140_1.dll
0x00007ffb27350000 - 0x00007ffb27376000 	C:\Users\wyari\.conda\envs\caiman\lib\site-packages\matplotlib\_path.cp39-win_amd64.pyd
0x00007ffb255e0000 - 0x00007ffb255fa000 	C:\Users\wyari\.conda\envs\caiman\lib\site-packages\matplotlib\ft2font.cp39-win_amd64.pyd
0x00007ffb08de0000 - 0x00007ffb08e7f000 	C:\Users\wyari\.conda\envs\caiman\Library\bin\freetype.dll
0x00007ffb252b0000 - 0x00007ffb252e4000 	C:\Users\wyari\.conda\envs\caiman\Library\bin\libpng16.dll
0x00007ffb25540000 - 0x00007ffb25563000 	C:\Users\wyari\.conda\envs\caiman\lib\site-packages\kiwisolver\_cext.cp39-win_amd64.pyd
0x00007ffb27340000 - 0x00007ffb2734a000 	C:\Users\wyari\.conda\envs\caiman\DLLs\_queue.pyd
0x00007ffae8df0000 - 0x00007ffae8e46000 	C:\Users\wyari\.conda\envs\caiman\DLLs\_decimal.pyd
0x00007ffb253c0000 - 0x00007ffb253eb000 	C:\Users\wyari\.conda\envs\caiman\DLLs\_ssl.pyd
0x00007ffb3ffd0000 - 0x00007ffb40126000 	C:\Windows\System32\CRYPT32.dll
0x00007ffb08f10000 - 0x00007ffb08fbc000 	C:\Users\wyari\.conda\envs\caiman\Library\bin\libssl-1_1-x64.dll
0x00007ffb0c8d0000 - 0x00007ffb0c8f3000 	C:\Users\wyari\.conda\envs\caiman\lib\site-packages\win32\win32api.pyd
0x00007ffb0c210000 - 0x00007ffb0c235000 	C:\Users\wyari\.conda\envs\caiman\lib\site-packages\win32\pywintypes39.dll
0x00007ffb28cf0000 - 0x00007ffb28cfc000 	C:\Windows\SYSTEM32\secur32.dll
0x00007ffb3fdd0000 - 0x00007ffb3fe02000 	C:\Windows\SYSTEM32\SSPICLI.DLL
0x00007ffb23890000 - 0x00007ffb23897000 	C:\Users\wyari\.conda\envs\caiman\lib\site-packages\win32\_win32sysloader.pyd
0x00007ffaf61c0000 - 0x00007ffaf6250000 	C:\Users\wyari\.conda\envs\caiman\lib\site-packages\win32\pythoncom39.dll
0x00007ffb3e7b0000 - 0x00007ffb3e7c2000 	C:\Windows\SYSTEM32\kernel.appcore.dll
0x00007ffb3d4d0000 - 0x00007ffb3d56e000 	C:\Windows\system32\uxtheme.dll
0x00007ffb31570000 - 0x00007ffb3175c000 	C:\Windows\SYSTEM32\urlmon.dll
0x00007ffb27d00000 - 0x00007ffb27d28000 	C:\Windows\SYSTEM32\srvcli.dll
0x00007ffb282e0000 - 0x00007ffb28591000 	C:\Windows\SYSTEM32\iertutil.dll
0x00007ffb3f420000 - 0x00007ffb3f42c000 	C:\Windows\SYSTEM32\netutils.dll
0x00007ffb415f0000 - 0x00007ffb4169d000 	C:\Windows\System32\shcore.dll
0x00007ffb09520000 - 0x00007ffb09536000 	C:\Users\wyari\.conda\envs\caiman\DLLs\_sqlite3.pyd
0x00007ffae8c80000 - 0x00007ffae8deb000 	C:\Users\wyari\.conda\envs\caiman\Library\bin\sqlite3.dll
0x00007ffb25410000 - 0x00007ffb25424000 	C:\Users\wyari\.conda\envs\caiman\DLLs\_asyncio.pyd
0x00007ffb253b0000 - 0x00007ffb253be000 	C:\Users\wyari\.conda\envs\caiman\DLLs\_overlapped.pyd
0x00007ffb2ea20000 - 0x00007ffb2ed00000 	C:\Windows\Netease\Booster\lsp64.dll
0x00007ffb408b0000 - 0x00007ffb40905000 	C:\Windows\System32\SHLWAPI.dll
0x00007ffb34800000 - 0x00007ffb34827000 	C:\Windows\SYSTEM32\WINMM.dll
0x00007ffb3db00000 - 0x00007ffb3dce4000 	C:\Windows\SYSTEM32\dbghelp.dll
0x00007ffb3dfd0000 - 0x00007ffb3e764000 	C:\Windows\SYSTEM32\windows.storage.dll
0x00007ffb3f970000 - 0x00007ffb3f9a0000 	C:\Windows\System32\Wldp.dll
0x00007ffb3f610000 - 0x00007ffb3f67a000 	C:\Windows\system32\mswsock.dll
0x00007ffb3ff10000 - 0x00007ffb3ff78000 	C:\Windows\System32\WINTRUST.DLL
0x00007ffb3fb00000 - 0x00007ffb3fb12000 	C:\Windows\SYSTEM32\MSASN1.dll
0x00007ffb40fb0000 - 0x00007ffb40fcd000 	C:\Windows\System32\imagehlp.dll
0x00007ffb018b0000 - 0x00007ffb019c5000 	C:\Users\wyari\.conda\envs\caiman\DLLs\unicodedata.pyd
0x00007ffb10510000 - 0x00007ffb10519000 	C:\Users\wyari\.conda\envs\caiman\DLLs\_uuid.pyd
0x00007ffb1c2b0000 - 0x00007ffb1c314000 	C:\Program Files\JetBrains\PyCharm 2022.1.3\plugins\python\helpers\pydev\_pydevd_bundle\pydevd_cython_win32_39_64.cp39-win_amd64.pyd
0x00007ffb2e9b0000 - 0x00007ffb2e9cc000 	C:\Program Files\JetBrains\PyCharm 2022.1.3\plugins\python\helpers\pydev\_pydevd_frame_eval\pydevd_frame_evaluator_common.cp39-win_amd64.pyd
0x00007ffb2e990000 - 0x00007ffb2e9a2000 	C:\Program Files\JetBrains\PyCharm 2022.1.3\plugins\python\helpers\pydev\_pydevd_frame_eval\pydevd_frame_evaluator_win32_39_64.cp39-win_amd64.pyd
0x00007ffafe4e0000 - 0x00007ffafe70d000 	C:\Users\wyari\.conda\envs\caiman\lib\site-packages\PyQt5\QtCore.pyd
0x00007ffafb540000 - 0x00007ffafba72000 	C:\Users\wyari\.conda\envs\caiman\Library\bin\Qt5Core_conda.dll
0x00007ffb28890000 - 0x00007ffb288ad000 	C:\Windows\SYSTEM32\MPR.dll
0x00007ffb28d60000 - 0x00007ffb28d7a000 	C:\Windows\SYSTEM32\NETAPI32.dll
0x00007ffb3fe10000 - 0x00007ffb3fe3e000 	C:\Windows\SYSTEM32\USERENV.dll
0x00007ffafe130000 - 0x00007ffafe4d4000 	C:\Users\wyari\.conda\envs\caiman\Library\bin\icuin68.dll
0x00007ffafb2b0000 - 0x00007ffafb53e000 	C:\Users\wyari\.conda\envs\caiman\Library\bin\icuuc68.dll
0x00000218e0cd0000 - 0x00000218e2811000 	C:\Users\wyari\.conda\envs\caiman\Library\bin\icudt68.dll
0x00007ffb2e500000 - 0x00007ffb2e51f000 	C:\Users\wyari\.conda\envs\caiman\lib\site-packages\PyQt5\sip.pyd
0x00007ffb08d80000 - 0x00007ffb08d95000 	C:\Users\wyari\.conda\envs\caiman\lib\site-packages\psutil\_psutil_windows.cp39-win_amd64.pyd
0x00007ffb40990000 - 0x00007ffb40998000 	C:\Windows\System32\PSAPI.DLL
0x00007ffb3f6a0000 - 0x00007ffb3f6eb000 	C:\Windows\SYSTEM32\POWRPROF.dll
0x00007ffb1c810000 - 0x00007ffb1c859000 	C:\Windows\SYSTEM32\pdh.dll

VM Arguments:
jvm_args: -Dplugins.dir=D:\CanYing\Fiji.app\plugins 
java_command: <unknown>
java_class_path (initial): D:\CanYing\Fiji.app\jars\ahocorasick-0.2.4.jar;D:\CanYing\Fiji.app\jars\alphanumeric-comparator-1.4.1.jar;D:\CanYing\Fiji.app\jars\annotations-13.0.jar;D:\CanYing\Fiji.app\jars\ant-1.9.7.jar;D:\CanYing\Fiji.app\jars\ant-launcher-1.9.7.jar;D:\CanYing\Fiji.app\jars\antlr-3.5.2.jar;D:\CanYing\Fiji.app\jars\antlr-runtime-3.5.2.jar;D:\CanYing\Fiji.app\jars\api-common-1.9.0.jar;D:\CanYing\Fiji.app\jars\args4j-2.0.25.jar;D:\CanYing\Fiji.app\jars\asm-7.1.jar;D:\CanYing\Fiji.app\jars\asm-analysis-7.1.jar;D:\CanYing\Fiji.app\jars\asm-commons-7.1.jar;D:\CanYing\Fiji.app\jars\asm-tree-7.1.jar;D:\CanYing\Fiji.app\jars\asm-util-7.1.jar;D:\CanYing\Fiji.app\jars\auto-value-annotations-1.7.jar;D:\CanYing\Fiji.app\jars\autocomplete-3.1.0.jar;D:\CanYing\Fiji.app\jars\aws-java-sdk-core-1.11.796.jar;D:\CanYing\Fiji.app\jars\aws-java-sdk-kms-1.11.796.jar;D:\CanYing\Fiji.app\jars\aws-java-sdk-s3-1.11.796.jar;D:\CanYing\Fiji.app\jars\base64-2.3.8.jar;D:\CanYing\Fiji.app\jars\batch-processor-0.4.1.jar;D:\CanYing\Fiji.app\jars\batik-anim-1.13.jar;D:\CanYing\Fiji.app\jars\batik-awt-util-1.13.jar;D:\CanYing\Fiji.app\jars\batik-bridge-1.13.jar;D:\CanYing\Fiji.app\jars\batik-constants-1.13.jar;D:\CanYing\Fiji.app\jars\batik-css-1.13.jar;D:\CanYing\Fiji.app\jars\batik-dom-1.13.jar;D:\CanYing\Fiji.app\jars\batik-ext-1.13.jar;D:\CanYing\Fiji.app\jars\batik-gvt-1.13.jar;D:\CanYing\Fiji.app\jars\batik-i18n-1.13.jar;D:\CanYing\Fiji.app\jars\batik-parser-1.13.jar;D:\CanYing\Fiji.app\jars\batik-script-1.13.jar;D:\CanYing\Fiji.app\jars\batik-shared-resources-1.13.jar;D:\CanYing\Fiji.app\jars\batik-svg-dom-1.13.jar;D:\CanYing\Fiji.app\jars\batik-svggen-1.13.jar;D:\CanYing\Fiji.app\jars\batik-util-1.13.jar;D:\CanYing\Fiji.app\jars\batik-xml-1.13.jar;D:\CanYing\Fiji.app\jars\bcpkix-jdk15on-1.62.jar;D:\CanYing\Fiji.app\jars\bcprov-jdk15on-1.62.jar;D:\CanYing\Fiji.app\jars\bigdataviewer-core-10.2.2.jar;D:\CanYing\Fiji.app\jars\bigdataviewer-vistools-1.0.0-beta-29.jar;D:\CanYing\Fi
Launcher Type: generic

Environment Variables:
JAVA_HOME=C:\Users\wyari\.conda\envs\caiman\Library
USERNAME=CanYing
OS=Windows_NT
PROCESSOR_IDENTIFIER=Intel64 Family 6 Model 158 Stepping 13, GenuineIntel



---------------  S Y S T E M  ---------------

OS: Windows 10.0 , 64 bit Build 19041 (10.0.19041.1889)
HyperV virtualization detected

CPU:total 8 (initial active 8) (8 cores per cpu, 1 threads per core) family 6 model 158 stepping 13, cmov, cx8, fxsr, mmx, sse, sse2, sse3, ssse3, sse4.1, sse4.2, popcnt, avx, avx2, aes, clmul, erms, 3dnowpref, lzcnt, tsc, tscinvbit, bmi1, bmi2, adx

Memory: 4k page, physical 33372612k(13747812k free), swap 50470500k(21936868k free)

vm_info: OpenJDK 64-Bit Server VM (25.312-b07) for windows-amd64 JRE (Zulu 8.58.0.13-CA-win64) (1.8.0_312-b07), built on Oct  9 2021 07:08:12 by "tester" with MS VC++ 15.9 (VS2017)

time: Mon Aug 22 20:41:41 2022
timezone: Central Daylight Time
elapsed time: 119.127735 seconds (0d 0h 1m 59s)

